#
# A fatal error has been detected by the Java Runtime Environment:
#
#  SIGSEGV (0xb) at pc=0x00ac4690, pid=7579, tid=2096102208
#
# JRE version: 6.0_24-b24
# Java VM: OpenJDK Server VM (20.0-b12 mixed mode linux-x86 )
# Derivative: IcedTea6 1.11.4
# Distribution: Ubuntu 12.04 LTS, package 6b24-1.11.4-1ubuntu0.12.04.1
# Problematic frame:
# C  [libGL.so.1+0x61690]  glXChooseVisual+0xbd30
#
# If you would like to submit a bug report, please include
# instructions how to reproduce the bug and visit:
#   https://bugs.launchpad.net/ubuntu/+source/openjdk-6/
# The crash happened outside the Java Virtual Machine in native code.
# See problematic frame for where to report the bug.
#

---------------  T H R E A D  ---------------

Current thread (0x7cd4a800):  JavaThread "AWT-EventQueue-0" [_thread_in_native, id=7613, stack(0x7ceaf000,0x7cf00000)]

siginfo:si_signo=SIGSEGV: si_errno=0, si_code=1 (SEGV_MAPERR), si_addr=0x00000038

Registers:
EAX=0x00000000, EBX=0x7cd24858, ECX=0x7ceffb40, EDX=0x00000000
ESP=0x7cefdeb0, EBP=0x00000050, ESI=0x7cd24858, EDI=0x7cd46710
EIP=0x00ac4690, EFLAGS=0x00010246, CR2=0x00000038

Top of Stack: (sp=0x7cefdeb0)
0x7cefdeb0:   00000000 00000000 00000000 00223228
0x7cefdec0:   008a8ff4 7cd24858 008a8ff4 0078b003
0x7cefded0:   7cd24858 7cd46714 00000001 0095d942
0x7cefdee0:   00000000 7cefdfdc 000000b2 00961ff4
0x7cefdef0:   7e936df0 7cd4a800 7cefdf48 0095e2bf
0x7cefdf00:   7cd24858 00000000 00000001 00000000
0x7cefdf10:   00000000 7cefdf4c 00000001 00000001
0x7cefdf20:   7cefdf20 7cefdf24 7cd24858 00000000 

Instructions: (pc=0x00ac4690)
0x00ac4670:   53 83 ec 18 8b 5c 24 20 a1 90 a7 f8 06 65 8b 0d
0x00ac4680:   00 00 00 00 8b 14 01 31 c0 85 d2 74 03 8b 42 10
0x00ac4690:   39 58 38 0f 84 bd 01 00 00 0f b7 05 30 a1 f7 06
0x00ac46a0:   40 0f b7 c0 66 a3 30 a1 f7 06 0f b7 05 32 a1 f7 

Register to memory mapping:

EAX=0x00000000 is an unknown value
EBX=0x7cd24858 is an unknown value
ECX=0x7ceffb40 is pointing into the stack for thread: 0x7cd4a800
EDX=0x00000000 is an unknown value
ESP=0x7cefdeb0 is pointing into the stack for thread: 0x7cd4a800
EBP=0x00000050 is an unknown value
ESI=0x7cd24858 is an unknown value
EDI=0x7cd46710 is an unknown value


Stack: [0x7ceaf000,0x7cf00000],  sp=0x7cefdeb0,  free space=315k
Native frames: (J=compiled Java code, j=interpreted, Vv=VM code, C=native code)
C  [libGL.so.1+0x61690]  glXChooseVisual+0xbd30

[error occurred during error reporting (printing native stack), id 0xb]

Java frames: (J=compiled Java code, j=interpreted, Vv=VM code)
j  jogamp.nativewindow.x11.X11Lib.XCloseDisplay(J)I+0
j  jogamp.nativewindow.x11.X11Util.XCloseDisplay(J)I+66
j  jogamp.nativewindow.x11.X11Util.closeDisplay(J)V+188
j  com.jogamp.nativewindow.x11.X11GraphicsDevice.close()Z+60
j  jogamp.newt.awt.NewtFactoryAWT.destroyNativeWindow(Lcom/jogamp/nativewindow/awt/JAWTWindow;)V+20
j  com.jogamp.newt.awt.NewtCanvasAWT.removeNotify()V+95
j  java.awt.Container.removeNotify()V+47
j  java.awt.Container.remove(I)V+55
j  java.awt.Container.remove(Ljava/awt/Component;)V+32
j  org.jzy3d.bridge.awt.FrameAWT$1.windowClosing(Ljava/awt/event/WindowEvent;)V+17
j  java.awt.AWTEventMulticaster.windowClosing(Ljava/awt/event/WindowEvent;)V+21
j  java.awt.Window.processWindowEvent(Ljava/awt/event/WindowEvent;)V+68
j  java.awt.Window.processEvent(Ljava/awt/AWTEvent;)V+69
j  java.awt.Component.dispatchEventImpl(Ljava/awt/AWTEvent;)V+589
j  java.awt.Container.dispatchEventImpl(Ljava/awt/AWTEvent;)V+42
j  java.awt.Window.dispatchEventImpl(Ljava/awt/AWTEvent;)V+19
j  java.awt.Component.dispatchEvent(Ljava/awt/AWTEvent;)V+2
j  java.awt.EventQueue.dispatchEventImpl(Ljava/awt/AWTEvent;Ljava/lang/Object;)V+41
j  java.awt.EventQueue.access$400(Ljava/awt/EventQueue;Ljava/awt/AWTEvent;Ljava/lang/Object;)V+3
j  java.awt.EventQueue$2.run()Ljava/lang/Void;+12
j  java.awt.EventQueue$2.run()Ljava/lang/Object;+1
v  ~StubRoutines::call_stub
j  java.security.AccessController.doPrivileged(Ljava/security/PrivilegedAction;Ljava/security/AccessControlContext;)Ljava/lang/Object;+0
j  java.security.AccessControlContext$1.doIntersectionPrivilege(Ljava/security/PrivilegedAction;Ljava/security/AccessControlContext;Ljava/security/AccessControlContext;)Ljava/lang/Object;+28
j  java.security.AccessControlContext$1.doIntersectionPrivilege(Ljava/security/PrivilegedAction;Ljava/security/AccessControlContext;)Ljava/lang/Object;+6
j  java.awt.EventQueue$3.run()Ljava/lang/Void;+11
j  java.awt.EventQueue$3.run()Ljava/lang/Object;+1
v  ~StubRoutines::call_stub
j  java.security.AccessController.doPrivileged(Ljava/security/PrivilegedAction;Ljava/security/AccessControlContext;)Ljava/lang/Object;+0
j  java.security.AccessControlContext$1.doIntersectionPrivilege(Ljava/security/PrivilegedAction;Ljava/security/AccessControlContext;Ljava/security/AccessControlContext;)Ljava/lang/Object;+28
j  java.awt.EventQueue.dispatchEvent(Ljava/awt/AWTEvent;)V+73
j  java.awt.EventDispatchThread.pumpOneEventForFilters(I)Z+192
j  java.awt.EventDispatchThread.pumpEventsForFilter(ILjava/awt/Conditional;Ljava/awt/EventFilter;)V+30
j  java.awt.EventDispatchThread.pumpEventsForHierarchy(ILjava/awt/Conditional;Ljava/awt/Component;)V+11
j  java.awt.EventDispatchThread.pumpEvents(ILjava/awt/Conditional;)V+4
j  java.awt.EventDispatchThread.pumpEvents(Ljava/awt/Conditional;)V+3
j  java.awt.EventDispatchThread.run()V+9
v  ~StubRoutines::call_stub

---------------  P R O C E S S  ---------------

Java Threads: ( => current thread )
  0xb7606800 JavaThread "DestroyJavaVM" [_thread_blocked, id=7584, stack(0xb778c000,0xb77dd000)]
=>0x7cd4a800 JavaThread "AWT-EventQueue-0" [_thread_in_native, id=7613, stack(0x7ceaf000,0x7cf00000)]
  0x7d1ed400 JavaThread "AWT-Shutdown" [_thread_blocked, id=7612, stack(0x7ce5e000,0x7ceaf000)]
  0x7cd27800 JavaThread "main-AWTAnimator-1" [_thread_in_Java, id=7611, stack(0x7bffe000,0x7c04f000)]
  0x7d1f8400 JavaThread "main-Display-X11_:0-1-EDT-1" daemon [_thread_blocked, id=7610, stack(0x7c39f000,0x7c3f0000)]
  0x7d1f1400 JavaThread "main-SharedResourceRunner" daemon [_thread_blocked, id=7609, stack(0x7ce0d000,0x7ce5e000)]
  0x7d1e5c00 JavaThread "AWT-XAWT" daemon [_thread_in_native, id=7606, stack(0x7d0af000,0x7d100000)]
  0x7d1a8400 JavaThread "Java2D Disposer" daemon [_thread_blocked, id=7605, stack(0x7d05e000,0x7d0af000)]
  0xb76a5400 JavaThread "Low Memory Detector" daemon [_thread_blocked, id=7593, stack(0x7d2c5000,0x7d316000)]
  0xb76a3800 JavaThread "C2 CompilerThread1" daemon [_thread_blocked, id=7592, stack(0x7d316000,0x7d397000)]
  0xb76a1800 JavaThread "C2 CompilerThread0" daemon [_thread_blocked, id=7591, stack(0x7d397000,0x7d418000)]
  0xb76a0400 JavaThread "Signal Dispatcher" daemon [_thread_blocked, id=7590, stack(0x7da2e000,0x7da7f000)]
  0xb7690800 JavaThread "Finalizer" daemon [_thread_blocked, id=7589, stack(0x7d618000,0x7d669000)]
  0xb768f000 JavaThread "Reference Handler" daemon [_thread_blocked, id=7588, stack(0x7d669000,0x7d6ba000)]

Other Threads:
  0xb768b400 VMThread [stack: 0x7d6ba000,0x7d73b000] [id=7587]
  0xb76a7000 WatcherThread [stack: 0x7d244000,0x7d2c5000] [id=7594]

VM state:not at safepoint (normal execution)

VM Mutex/Monitor currently owned by a thread: None

Heap
 PSYoungGen      total 157312K, used 79074K [0xa4df0000, 0xaebf0000, 0xb4540000)
  eden space 153088K, 50% used [0xa4df0000,0xa990c8a0,0xae370000)
  from space 4224K, 51% used [0xae7d0000,0xae9ebfd8,0xaebf0000)
  to   space 4352K, 0% used [0xae370000,0xae370000,0xae7b0000)
 PSOldGen        total 31616K, used 6773K [0x85f40000, 0x87e20000, 0xa4df0000)
  object space 31616K, 21% used [0x85f40000,0x865dd548,0x87e20000)
 PSPermGen       total 16384K, used 14851K [0x7df40000, 0x7ef40000, 0x85f40000)
  object space 16384K, 90% used [0x7df40000,0x7edc0ec8,0x7ef40000)

Code Cache  [0xb4600000, 0xb4840000, 0xb7600000)
 total_blobs=859 nmethods=419 adapters=394 free_code_cache=48952448 largest_free_block=13632

Dynamic libraries:
00110000-0013a000 r-xp 00000000 08:01 9962431    /lib/i386-linux-gnu/libm-2.15.so
0013a000-0013b000 r--p 00029000 08:01 9962431    /lib/i386-linux-gnu/libm-2.15.so
0013b000-0013c000 rw-p 0002a000 08:01 9962431    /lib/i386-linux-gnu/libm-2.15.so
0013c000-00143000 r-xp 00000000 08:01 9961540    /lib/i386-linux-gnu/librt-2.15.so
00143000-00144000 r--p 00006000 08:01 9961540    /lib/i386-linux-gnu/librt-2.15.so
00144000-00145000 rw-p 00007000 08:01 9961540    /lib/i386-linux-gnu/librt-2.15.so
00145000-0016b000 r-xp 00000000 08:01 17308316   /usr/lib/jvm/java-6-openjdk-i386/jre/lib/i386/libjava.so
0016b000-0016c000 r--p 00025000 08:01 17308316   /usr/lib/jvm/java-6-openjdk-i386/jre/lib/i386/libjava.so
0016c000-0016e000 rw-p 00026000 08:01 17308316   /usr/lib/jvm/java-6-openjdk-i386/jre/lib/i386/libjava.so
0016e000-00175000 r-xp 00000000 08:01 9961503    /lib/i386-linux-gnu/libnss_compat-2.15.so
00175000-00176000 r--p 00006000 08:01 9961503    /lib/i386-linux-gnu/libnss_compat-2.15.so
00176000-00177000 rw-p 00007000 08:01 9961503    /lib/i386-linux-gnu/libnss_compat-2.15.so
00177000-0018d000 r-xp 00000000 08:01 9965517    /lib/i386-linux-gnu/libnsl-2.15.so
0018d000-0018e000 r--p 00015000 08:01 9965517    /lib/i386-linux-gnu/libnsl-2.15.so
0018e000-0018f000 rw-p 00016000 08:01 9965517    /lib/i386-linux-gnu/libnsl-2.15.so
0018f000-00191000 rw-p 00000000 00:00 0 
00191000-0019b000 r-xp 00000000 08:01 9965523    /lib/i386-linux-gnu/libnss_nis-2.15.so
0019b000-0019c000 r--p 00009000 08:01 9965523    /lib/i386-linux-gnu/libnss_nis-2.15.so
0019c000-0019d000 rw-p 0000a000 08:01 9965523    /lib/i386-linux-gnu/libnss_nis-2.15.so
0019d000-001a8000 r-xp 00000000 08:01 9965515    /lib/i386-linux-gnu/libnss_files-2.15.so
001a8000-001a9000 r--p 0000a000 08:01 9965515    /lib/i386-linux-gnu/libnss_files-2.15.so
001a9000-001aa000 rw-p 0000b000 08:01 9965515    /lib/i386-linux-gnu/libnss_files-2.15.so
001aa000-001ac000 r-xp 00000000 08:01 12583032   /tmp/jogamp_0000/file_cache/jln2911823616494231684/jln4223203782247235402/libgluegen-rt.so
001ac000-001ad000 r--p 00001000 08:01 12583032   /tmp/jogamp_0000/file_cache/jln2911823616494231684/jln4223203782247235402/libgluegen-rt.so
001ad000-001ae000 rw-p 00002000 08:01 12583032   /tmp/jogamp_0000/file_cache/jln2911823616494231684/jln4223203782247235402/libgluegen-rt.so
001ae000-001b0000 r-xp 00000000 08:01 17308515   /usr/lib/i386-linux-gnu/libXau.so.6.0.0
001b0000-001b1000 r--p 00001000 08:01 17308515   /usr/lib/i386-linux-gnu/libXau.so.6.0.0
001b1000-001b2000 rw-p 00002000 08:01 17308515   /usr/lib/i386-linux-gnu/libXau.so.6.0.0
001b2000-001b3000 r-xp 00000000 08:01 17308384   /usr/lib/jvm/java-6-openjdk-i386/jre/lib/i386/libjawt.so
001b3000-001b4000 r--p 00000000 08:01 17308384   /usr/lib/jvm/java-6-openjdk-i386/jre/lib/i386/libjawt.so
001b4000-001b5000 rw-p 00001000 08:01 17308384   /usr/lib/jvm/java-6-openjdk-i386/jre/lib/i386/libjawt.so
001b5000-001b9000 r-xp 00000000 08:01 17308385   /usr/lib/jvm/java-6-openjdk-i386/jre/lib/i386/jli/libjli.so
001b9000-001ba000 r--p 00003000 08:01 17308385   /usr/lib/jvm/java-6-openjdk-i386/jre/lib/i386/jli/libjli.so
001ba000-001bb000 rw-p 00004000 08:01 17308385   /usr/lib/jvm/java-6-openjdk-i386/jre/lib/i386/jli/libjli.so
001bb000-00207000 r-xp 00000000 08:01 17306825   /usr/lib/jvm/java-6-openjdk-i386/jre/lib/i386/xawt/libmawt.so
00207000-00208000 r--p 0004b000 08:01 17306825   /usr/lib/jvm/java-6-openjdk-i386/jre/lib/i386/xawt/libmawt.so
00208000-0020a000 rw-p 0004c000 08:01 17306825   /usr/lib/jvm/java-6-openjdk-i386/jre/lib/i386/xawt/libmawt.so
0020a000-0020b000 rw-p 00000000 00:00 0 
0020b000-0021b000 r-xp 00000000 08:01 17303849   /usr/lib/i386-linux-gnu/libXext.so.6.4.0
0021b000-0021c000 r--p 0000f000 08:01 17303849   /usr/lib/i386-linux-gnu/libXext.so.6.4.0
0021c000-0021d000 rw-p 00010000 08:01 17303849   /usr/lib/i386-linux-gnu/libXext.so.6.4.0
0021d000-00225000 r-xp 00000000 08:01 17307033   /usr/lib/i386-linux-gnu/libXrender.so.1.3.0
00225000-00226000 r--p 00007000 08:01 17307033   /usr/lib/i386-linux-gnu/libXrender.so.1.3.0
00226000-00227000 rw-p 00008000 08:01 17307033   /usr/lib/i386-linux-gnu/libXrender.so.1.3.0
00227000-00246000 r-xp 00000000 08:01 17308522   /usr/lib/i386-linux-gnu/libxcb.so.1.1.0
00246000-00247000 r--p 0001f000 08:01 17308522   /usr/lib/i386-linux-gnu/libxcb.so.1.1.0
00247000-00248000 rw-p 00020000 08:01 17308522   /usr/lib/i386-linux-gnu/libxcb.so.1.1.0
00248000-0024d000 r-xp 00000000 08:01 17308519   /usr/lib/i386-linux-gnu/libXdmcp.so.6.0.0
0024d000-0024e000 r--p 00004000 08:01 17308519   /usr/lib/i386-linux-gnu/libXdmcp.so.6.0.0
0024e000-0024f000 rw-p 00005000 08:01 17308519   /usr/lib/i386-linux-gnu/libXdmcp.so.6.0.0
0024f000-0025a000 r-xp 00000000 08:01 17309096   /usr/lib/jvm/java-6-openjdk-i386/jre/lib/i386/libverify.so
0025a000-0025b000 ---p 0000b000 08:01 17309096   /usr/lib/jvm/java-6-openjdk-i386/jre/lib/i386/libverify.so
0025b000-0025c000 r--p 0000b000 08:01 17309096   /usr/lib/jvm/java-6-openjdk-i386/jre/lib/i386/libverify.so
0025c000-0025d000 rw-p 0000c000 08:01 17309096   /usr/lib/jvm/java-6-openjdk-i386/jre/lib/i386/libverify.so
0025d000-00261000 r-xp 00000000 08:01 17302312   /usr/lib/i386-linux-gnu/libXfixes.so.3.1.0
00261000-00262000 r--p 00004000 08:01 17302312   /usr/lib/i386-linux-gnu/libXfixes.so.3.1.0
00262000-00263000 rw-p 00005000 08:01 17302312   /usr/lib/i386-linux-gnu/libXfixes.so.3.1.0
00263000-00264000 r-xp 00000000 08:01 12583035   /tmp/jogamp_0000/file_cache/jln2911823616494231684/jln4223203782247235402/libnativewindow_awt.so
00264000-00265000 r--p 00001000 08:01 12583035   /tmp/jogamp_0000/file_cache/jln2911823616494231684/jln4223203782247235402/libnativewindow_awt.so
00265000-00266000 rw-p 00002000 08:01 12583035   /tmp/jogamp_0000/file_cache/jln2911823616494231684/jln4223203782247235402/libnativewindow_awt.so
00266000-0026a000 r-xp 00000000 08:01 17306757   /usr/lib/i386-linux-gnu/libXxf86vm.so.1.0.0
0026a000-0026b000 r--p 00003000 08:01 17306757   /usr/lib/i386-linux-gnu/libXxf86vm.so.1.0.0
0026b000-0026c000 rw-p 00004000 08:01 17306757   /usr/lib/i386-linux-gnu/libXxf86vm.so.1.0.0
0026c000-0026f000 r-xp 00000000 08:01 17310551   /usr/lib/nvidia-current/tls/libnvidia-tls.so.295.40
0026f000-00270000 rw-p 00002000 08:01 17310551   /usr/lib/nvidia-current/tls/libnvidia-tls.so.295.40
00270000-00272000 r-xp 00000000 08:01 17303688   /usr/lib/i386-linux-gnu/libXinerama.so.1.0.0
00272000-00273000 r--p 00001000 08:01 17303688   /usr/lib/i386-linux-gnu/libXinerama.so.1.0.0
00273000-00274000 rw-p 00002000 08:01 17303688   /usr/lib/i386-linux-gnu/libXinerama.so.1.0.0
00274000-00276000 r-xs 00000000 08:01 12583039   /tmp/glRisM2N (deleted)
00276000-0027f000 r-xp 00000000 08:01 12583038   /tmp/jogamp_0000/file_cache/jln2911823616494231684/jln4223203782247235402/libnewt.so
0027f000-00280000 r--p 00008000 08:01 12583038   /tmp/jogamp_0000/file_cache/jln2911823616494231684/jln4223203782247235402/libnewt.so
00280000-00281000 rw-p 00009000 08:01 12583038   /tmp/jogamp_0000/file_cache/jln2911823616494231684/jln4223203782247235402/libnewt.so
00281000-00288000 r-xp 00000000 08:01 17306760   /usr/lib/i386-linux-gnu/libXrandr.so.2.2.0
00288000-00289000 r--p 00006000 08:01 17306760   /usr/lib/i386-linux-gnu/libXrandr.so.2.2.0
00289000-0028a000 rw-p 00007000 08:01 17306760   /usr/lib/i386-linux-gnu/libXrandr.so.2.2.0
0028f000-002a6000 r-xp 00000000 08:01 9965521    /lib/i386-linux-gnu/libpthread-2.15.so
002a6000-002a7000 r--p 00016000 08:01 9965521    /lib/i386-linux-gnu/libpthread-2.15.so
002a7000-002a8000 rw-p 00017000 08:01 9965521    /lib/i386-linux-gnu/libpthread-2.15.so
002a8000-002aa000 rw-p 00000000 00:00 0 
002aa000-0044d000 r-xp 00000000 08:01 9965520    /lib/i386-linux-gnu/libc-2.15.so
0044d000-0044e000 ---p 001a3000 08:01 9965520    /lib/i386-linux-gnu/libc-2.15.so
0044e000-00450000 r--p 001a3000 08:01 9965520    /lib/i386-linux-gnu/libc-2.15.so
00450000-00451000 rw-p 001a5000 08:01 9965520    /lib/i386-linux-gnu/libc-2.15.so
00451000-00454000 rw-p 00000000 00:00 0 
00454000-0052c000 r-xp 00000000 08:01 17301857   /usr/lib/i386-linux-gnu/libstdc++.so.6.0.16
0052c000-0052d000 ---p 000d8000 08:01 17301857   /usr/lib/i386-linux-gnu/libstdc++.so.6.0.16
0052d000-00531000 r--p 000d8000 08:01 17301857   /usr/lib/i386-linux-gnu/libstdc++.so.6.0.16
00531000-00532000 rw-p 000dc000 08:01 17301857   /usr/lib/i386-linux-gnu/libstdc++.so.6.0.16
00532000-00539000 rw-p 00000000 00:00 0 
00574000-00590000 r-xp 00000000 08:01 9962423    /lib/i386-linux-gnu/libgcc_s.so.1
00590000-00591000 r--p 0001b000 08:01 9962423    /lib/i386-linux-gnu/libgcc_s.so.1
00591000-00592000 rw-p 0001c000 08:01 9962423    /lib/i386-linux-gnu/libgcc_s.so.1
00592000-005cc000 r-xp 00000000 08:01 17309167   /usr/lib/jvm/java-6-openjdk-i386/jre/lib/i386/libfontmanager.so
005cc000-005cd000 r--p 00039000 08:01 17309167   /usr/lib/jvm/java-6-openjdk-i386/jre/lib/i386/libfontmanager.so
005cd000-005ce000 rw-p 0003a000 08:01 17309167   /usr/lib/jvm/java-6-openjdk-i386/jre/lib/i386/libfontmanager.so
005ce000-00663000 r-xp 00000000 08:01 17308510   /usr/lib/i386-linux-gnu/libfreetype.so.6.8.0
00663000-00667000 r--p 00094000 08:01 17308510   /usr/lib/i386-linux-gnu/libfreetype.so.6.8.0
00667000-00668000 rw-p 00098000 08:01 17308510   /usr/lib/i386-linux-gnu/libfreetype.so.6.8.0
00673000-0067a000 r-xp 00000000 08:01 17308321   /usr/lib/jvm/java-6-openjdk-i386/jre/lib/i386/libzip.so
0067a000-0067b000 r--p 00006000 08:01 17308321   /usr/lib/jvm/java-6-openjdk-i386/jre/lib/i386/libzip.so
0067b000-0067c000 rw-p 00007000 08:01 17308321   /usr/lib/jvm/java-6-openjdk-i386/jre/lib/i386/libzip.so
006b9000-0074c000 r-xp 00000000 08:01 17308319   /usr/lib/jvm/java-6-openjdk-i386/jre/lib/i386/libawt.so
0074c000-0074d000 r--p 00092000 08:01 17308319   /usr/lib/jvm/java-6-openjdk-i386/jre/lib/i386/libawt.so
0074d000-00754000 rw-p 00093000 08:01 17308319   /usr/lib/jvm/java-6-openjdk-i386/jre/lib/i386/libawt.so
00754000-00778000 rw-p 00000000 00:00 0 
00778000-008a8000 r-xp 00000000 08:01 17307348   /usr/lib/i386-linux-gnu/libX11.so.6.3.0
008a8000-008a9000 r--p 0012f000 08:01 17307348   /usr/lib/i386-linux-gnu/libX11.so.6.3.0
008a9000-008ab000 rw-p 00130000 08:01 17307348   /usr/lib/i386-linux-gnu/libX11.so.6.3.0
008ab000-008ac000 rw-p 00000000 00:00 0 
008ac000-00933000 r-xp 00000000 08:01 12583033   /tmp/jogamp_0000/file_cache/jln2911823616494231684/jln4223203782247235402/libjogl_desktop.so
00933000-00934000 r--p 00086000 08:01 12583033   /tmp/jogamp_0000/file_cache/jln2911823616494231684/jln4223203782247235402/libjogl_desktop.so
00934000-00935000 rw-p 00087000 08:01 12583033   /tmp/jogamp_0000/file_cache/jln2911823616494231684/jln4223203782247235402/libjogl_desktop.so
0095b000-00961000 r-xp 00000000 08:01 12583036   /tmp/jogamp_0000/file_cache/jln2911823616494231684/jln4223203782247235402/libnativewindow_x11.so
00961000-00962000 r--p 00005000 08:01 12583036   /tmp/jogamp_0000/file_cache/jln2911823616494231684/jln4223203782247235402/libnativewindow_x11.so
00962000-00963000 rw-p 00006000 08:01 12583036   /tmp/jogamp_0000/file_cache/jln2911823616494231684/jln4223203782247235402/libnativewindow_x11.so
00977000-00980000 r-xp 00000000 08:01 17306744   /usr/lib/i386-linux-gnu/libXcursor.so.1.0.2
00980000-00981000 r--p 00008000 08:01 17306744   /usr/lib/i386-linux-gnu/libXcursor.so.1.0.2
00981000-00982000 rw-p 00009000 08:01 17306744   /usr/lib/i386-linux-gnu/libXcursor.so.1.0.2
0098a000-00998000 r-xp 00000000 08:01 17302457   /usr/lib/i386-linux-gnu/libXi.so.6.1.0
00998000-00999000 r--p 0000d000 08:01 17302457   /usr/lib/i386-linux-gnu/libXi.so.6.1.0
00999000-0099a000 rw-p 0000e000 08:01 17302457   /usr/lib/i386-linux-gnu/libXi.so.6.1.0
009bf000-009d3000 r-xp 00000000 08:01 9962436    /lib/i386-linux-gnu/libz.so.1.2.3.4
009d3000-009d4000 r--p 00013000 08:01 9962436    /lib/i386-linux-gnu/libz.so.1.2.3.4
009d4000-009d5000 rw-p 00014000 08:01 9962436    /lib/i386-linux-gnu/libz.so.1.2.3.4
00a1c000-00a3c000 r-xp 00000000 08:01 9965516    /lib/i386-linux-gnu/ld-2.15.so
00a3c000-00a3d000 r--p 0001f000 08:01 9965516    /lib/i386-linux-gnu/ld-2.15.so
00a3d000-00a3e000 rw-p 00020000 08:01 9965516    /lib/i386-linux-gnu/ld-2.15.so
00a5c000-00a61000 r-xp 00000000 08:01 17303851   /usr/lib/i386-linux-gnu/libXtst.so.6.1.0
00a61000-00a62000 r--p 00004000 08:01 17303851   /usr/lib/i386-linux-gnu/libXtst.so.6.1.0
00a62000-00a63000 rw-p 00005000 08:01 17303851   /usr/lib/i386-linux-gnu/libXtst.so.6.1.0
00a63000-00b0d000 r-xp 00000000 08:01 17311404   /usr/lib/nvidia-current/libGL.so.295.40
00b0d000-00b2c000 rwxp 000aa000 08:01 17311404   /usr/lib/nvidia-current/libGL.so.295.40
00b2c000-00b3b000 rwxp 00000000 00:00 0 
00b71000-00b86000 r-xp 00000000 08:01 17309165   /usr/lib/jvm/java-6-openjdk-i386/jre/lib/i386/libnet.so
00b86000-00b87000 r--p 00014000 08:01 17309165   /usr/lib/jvm/java-6-openjdk-i386/jre/lib/i386/libnet.so
00b87000-00b88000 rw-p 00015000 08:01 17309165   /usr/lib/jvm/java-6-openjdk-i386/jre/lib/i386/libnet.so
00bf9000-00c01000 r-xp 00000000 08:01 17308320   /usr/lib/jvm/java-6-openjdk-i386/jre/lib/i386/libnio.so
00c01000-00c02000 r--p 00007000 08:01 17308320   /usr/lib/jvm/java-6-openjdk-i386/jre/lib/i386/libnio.so
00c02000-00c03000 rw-p 00008000 08:01 17308320   /usr/lib/jvm/java-6-openjdk-i386/jre/lib/i386/libnio.so
00c2e000-00c2f000 r-xp 00000000 00:00 0          [vdso]
00c34000-00c37000 r-xp 00000000 08:01 9965513    /lib/i386-linux-gnu/libdl-2.15.so
00c37000-00c38000 r--p 00002000 08:01 9965513    /lib/i386-linux-gnu/libdl-2.15.so
00c38000-00c39000 rw-p 00003000 08:01 9965513    /lib/i386-linux-gnu/libdl-2.15.so
00c39000-01457000 r-xp 00000000 08:01 17308404   /usr/lib/jvm/java-6-openjdk-i386/jre/lib/i386/server/libjvm.so
01457000-0149c000 r--p 0081e000 08:01 17308404   /usr/lib/jvm/java-6-openjdk-i386/jre/lib/i386/server/libjvm.so
0149c000-014ab000 rw-p 00863000 08:01 17308404   /usr/lib/jvm/java-6-openjdk-i386/jre/lib/i386/server/libjvm.so
014ab000-018c5000 rw-p 00000000 00:00 0 
05356000-06f16000 r-xp 00000000 08:01 17310571   /usr/lib/nvidia-current/libnvidia-glcore.so.295.40
06f16000-06f78000 rwxp 01bbf000 08:01 17310571   /usr/lib/nvidia-current/libnvidia-glcore.so.295.40
06f78000-06f8c000 rwxp 00000000 00:00 0 
08048000-08051000 r-xp 00000000 08:01 17302516   /usr/lib/jvm/java-6-openjdk-i386/jre/bin/java
08051000-08052000 r--p 00008000 08:01 17302516   /usr/lib/jvm/java-6-openjdk-i386/jre/bin/java
08052000-08053000 rw-p 00009000 08:01 17302516   /usr/lib/jvm/java-6-openjdk-i386/jre/bin/java
08caf000-096e2000 rw-p 00000000 00:00 0          [heap]
79b00000-79cd8000 rw-p 00000000 00:00 0 
79cd8000-79d00000 ---p 00000000 00:00 0 
79d00000-79df6000 rw-p 00000000 00:00 0 
79df6000-79e00000 ---p 00000000 00:00 0 
79e00000-79ef0000 rw-p 00000000 00:00 0 
79ef0000-79f00000 ---p 00000000 00:00 0 
79f00000-79fdf000 rw-p 00000000 00:00 0 
79fdf000-7a000000 ---p 00000000 00:00 0 
7a000000-7a0ec000 rw-p 00000000 00:00 0 
7a0ec000-7a100000 ---p 00000000 00:00 0 
7a100000-7a200000 rw-s 22086000 00:05 8836       /dev/nvidia0
7a200000-7a2fb000 rw-p 00000000 00:00 0 
7a2fb000-7a300000 ---p 00000000 00:00 0 
7a300000-7a400000 rw-s 27f86000 00:05 8836       /dev/nvidia0
7a400000-7a4f8000 rw-p 00000000 00:00 0 
7a4f8000-7a500000 ---p 00000000 00:00 0 
7a543000-7a643000 rw-s 2cb03000 00:05 8836       /dev/nvidia0
7a643000-7a800000 rw-p 00000000 00:00 0 
7a800000-7a8fb000 rw-p 00000000 00:00 0 
7a8fb000-7a900000 ---p 00000000 00:00 0 
7aa00000-7aafe000 rw-p 00000000 00:00 0 
7aafe000-7ab00000 ---p 00000000 00:00 0 
7ac00000-7acfc000 rw-p 00000000 00:00 0 
7acfc000-7ad00000 ---p 00000000 00:00 0 
7ae00000-7aef7000 rw-p 00000000 00:00 0 
7aef7000-7af00000 ---p 00000000 00:00 0 
7b000000-7b0fc000 rw-p 00000000 00:00 0 
7b0fc000-7b100000 ---p 00000000 00:00 0 
7b175000-7b1fb000 rw-p 00000000 00:00 0 
7b200000-7b300000 rw-s 222c9000 00:05 8836       /dev/nvidia0
7b300000-7b3f9000 rw-p 00000000 00:00 0 
7b3f9000-7b400000 ---p 00000000 00:00 0 
7b400000-7b500000 rw-p 00000000 00:00 0 
7b500000-7b5fe000 rw-p 00000000 00:00 0 
7b5fe000-7b600000 ---p 00000000 00:00 0 
7b64b000-7b68b000 rw-s cd802000 00:05 8836       /dev/nvidia0
7b68b000-7b78b000 rw-s 30a00000 00:05 8836       /dev/nvidia0
7b78b000-7b88b000 rw-s 2c892000 00:05 8836       /dev/nvidia0
7b88b000-7b924000 rw-p 00000000 00:00 0 
7b924000-7bb30000 rw-s ca710000 00:05 8836       /dev/nvidia0
7bb30000-7bd3c000 rw-s c6260000 00:05 8836       /dev/nvidia0
7bd3c000-7bf2a000 rw-s c6070000 00:05 8836       /dev/nvidia0
7bf2a000-7bf80000 rw-p 00000000 00:00 0 
7bffe000-7c001000 ---p 00000000 00:00 0 
7c001000-7c0a5000 rw-p 00000000 00:00 0 
7c0a5000-7c0e5000 rw-s cdcb0000 00:05 8836       /dev/nvidia0
7c0e5000-7c1e5000 rw-s 303d0000 00:05 8836       /dev/nvidia0
7c1e5000-7c2e5000 rw-s 28b60000 00:05 8836       /dev/nvidia0
7c2e5000-7c37e000 rw-p 00000000 00:00 0 
7c37e000-7c38c000 rw-s cdcf0000 00:05 8836       /dev/nvidia0
7c38c000-7c39a000 rw-s c127a000 00:05 8836       /dev/nvidia0
7c39f000-7c3a2000 ---p 00000000 00:00 0 
7c3a2000-7c3f0000 rw-p 00000000 00:00 0 
7c3f0000-7c3f1000 rw-s 1f92f000 00:05 8836       /dev/nvidia0
7c3f2000-7cc62000 rw-s c0000000 00:05 8836       /dev/nvidia0
7cc62000-7cc7f000 rw-s 2da3d000 00:05 8836       /dev/nvidia0
7cc7f000-7cd00000 rw-p 00000000 00:00 0 
7cd00000-7cd96000 rw-p 00000000 00:00 0 
7cd96000-7ce00000 ---p 00000000 00:00 0 
7ce0d000-7ce10000 ---p 00000000 00:00 0 
7ce10000-7ce5e000 rw-p 00000000 00:00 0 
7ce5e000-7ce61000 ---p 00000000 00:00 0 
7ce61000-7ceaf000 rw-p 00000000 00:00 0 
7ceaf000-7ceb2000 ---p 00000000 00:00 0 
7ceb2000-7cf00000 rw-p 00000000 00:00 0 
7cf00000-7cffb000 rw-p 00000000 00:00 0 
7cffb000-7d000000 ---p 00000000 00:00 0 
7d009000-7d00d000 rw-s 30adb000 00:05 8836       /dev/nvidia0
7d00d000-7d00e000 rw-s cde57000 00:05 8836       /dev/nvidia0
7d00e000-7d00f000 rw-s 30ad9000 00:05 8836       /dev/nvidia0
7d010000-7d011000 rw-s 2c891000 00:05 8836       /dev/nvidia0
7d011000-7d012000 rw-s fdc0a000 00:05 8836       /dev/nvidia0
7d012000-7d014000 rw-s 00000000 08:01 12583039   /tmp/glRisM2N (deleted)
7d014000-7d018000 rw-s 303cc000 00:05 8836       /dev/nvidia0
7d018000-7d019000 rw-s cde59000 00:05 8836       /dev/nvidia0
7d019000-7d01a000 rw-s 303cb000 00:05 8836       /dev/nvidia0
7d01a000-7d01b000 rw-s 303ca000 00:05 8836       /dev/nvidia0
7d01b000-7d01c000 rw-p 00000000 00:00 0 
7d01c000-7d01d000 r--s 00000000 08:01 1580746    /var/cache/fontconfig/c05880de57d1f5e948fdfacc138775d9-le32d4.cache-3
7d01d000-7d023000 r--s 00000000 08:01 1576114    /var/cache/fontconfig/945677eb7aeaf62f1d50efc3fb3ec7d8-le32d4.cache-3
7d023000-7d025000 r--s 00000000 08:01 1580743    /var/cache/fontconfig/99e8ed0e538f840c565b6ed5dad60d56-le32d4.cache-3
7d025000-7d02b000 r--s 00000000 08:01 1580740    /var/cache/fontconfig/a6d8cf8e4ec09cdbc8633c31745a07dd-le32d4.cache-3
7d02b000-7d02e000 r--s 00000000 08:01 1580738    /var/cache/fontconfig/2cd17615ca594fa2959ae173292e504c-le32d4.cache-3
7d02e000-7d02f000 r--s 00000000 08:01 1580735    /var/cache/fontconfig/e7071f4a29fa870f4323321c154eba04-le32d4.cache-3
7d02f000-7d030000 r--s 00000000 08:01 1580733    /var/cache/fontconfig/0d8c3b2ac0904cb8a57a757ad11a4a08-le32d4.cache-3
7d030000-7d034000 r--s 00000000 08:01 1580730    /var/cache/fontconfig/a755afe4a08bf5b97852ceb7400b47bc-le32d4.cache-3
7d034000-7d03b000 r--s 00000000 08:01 1580720    /var/cache/fontconfig/6d41288fd70b0be22e8c3a91e032eec0-le32d4.cache-3
7d03b000-7d046000 r--s 00000000 08:01 1580710    /var/cache/fontconfig/04aabc0a78ac019cf9454389977116d2-le32d4.cache-3
7d046000-7d049000 r--s 00000000 08:01 1580706    /var/cache/fontconfig/385c0604a188198f04d133e54aba7fe7-le32d4.cache-3
7d049000-7d04a000 r--s 00000000 08:01 1580702    /var/cache/fontconfig/4794a0821666d79190d59a36cb4f44b5-le32d4.cache-3
7d04a000-7d04d000 r--s 00000000 08:01 1580701    /var/cache/fontconfig/8801497958630a81b71ace7c5f9b32a8-le32d4.cache-3
7d04d000-7d051000 r--s 00000000 08:01 1580699    /var/cache/fontconfig/3047814df9a2f067bd2d96a2b9c36e5a-le32d4.cache-3
7d051000-7d05e000 r--s 00000000 08:01 1580689    /var/cache/fontconfig/d52a8644073d54c13679302ca1180695-le32d4.cache-3
7d05e000-7d061000 ---p 00000000 00:00 0 
7d061000-7d0af000 rw-p 00000000 00:00 0 
7d0af000-7d0b2000 ---p 00000000 00:00 0 
7d0b2000-7d100000 rw-p 00000000 00:00 0 
7d100000-7d1fd000 rw-p 00000000 00:00 0 
7d1fd000-7d200000 ---p 00000000 00:00 0 
7d200000-7d201000 rw-s fdc09000 00:05 8836       /dev/nvidia0
7d201000-7d202000 r--s 00000000 08:01 1580697    /var/cache/fontconfig/56cf4f4769d0f4abc89a4895d7bd3ae1-le32d4.cache-3
7d202000-7d206000 r--s 00000000 08:01 1580690    /var/cache/fontconfig/b47c4e1ecd0709278f4910c18777a504-le32d4.cache-3
7d206000-7d208000 r--s 00000000 08:01 1576005    /var/cache/fontconfig/e13b20fdb08344e0e664864cc2ede53d-le32d4.cache-3
7d208000-7d20b000 r--s 00000000 08:01 1574071    /var/cache/fontconfig/7ef2298fde41cc6eeb7af42e48b7d293-le32d4.cache-3
7d20b000-7d20c000 r--s 00000000 08:01 1580746    /var/cache/fontconfig/c05880de57d1f5e948fdfacc138775d9-le32d4.cache-3
7d20c000-7d212000 r--s 00000000 08:01 1576114    /var/cache/fontconfig/945677eb7aeaf62f1d50efc3fb3ec7d8-le32d4.cache-3
7d212000-7d214000 r--s 00000000 08:01 1580743    /var/cache/fontconfig/99e8ed0e538f840c565b6ed5dad60d56-le32d4.cache-3
7d214000-7d21a000 r--s 00000000 08:01 1580740    /var/cache/fontconfig/a6d8cf8e4ec09cdbc8633c31745a07dd-le32d4.cache-3
7d21a000-7d21d000 r--s 00000000 08:01 1580738    /var/cache/fontconfig/2cd17615ca594fa2959ae173292e504c-le32d4.cache-3
7d21d000-7d21e000 r--s 00000000 08:01 1580735    /var/cache/fontconfig/e7071f4a29fa870f4323321c154eba04-le32d4.cache-3
7d21e000-7d21f000 r--s 00000000 08:01 1580733    /var/cache/fontconfig/0d8c3b2ac0904cb8a57a757ad11a4a08-le32d4.cache-3
7d21f000-7d223000 r--s 00000000 08:01 1580730    /var/cache/fontconfig/a755afe4a08bf5b97852ceb7400b47bc-le32d4.cache-3
7d223000-7d22a000 r--s 00000000 08:01 1580720    /var/cache/fontconfig/6d41288fd70b0be22e8c3a91e032eec0-le32d4.cache-3
7d22a000-7d235000 r--s 00000000 08:01 1580710    /var/cache/fontconfig/04aabc0a78ac019cf9454389977116d2-le32d4.cache-3
7d235000-7d238000 r--s 00000000 08:01 1580706    /var/cache/fontconfig/385c0604a188198f04d133e54aba7fe7-le32d4.cache-3
7d238000-7d239000 r--s 00000000 08:01 1580702    /var/cache/fontconfig/4794a0821666d79190d59a36cb4f44b5-le32d4.cache-3
7d239000-7d23c000 r--s 00000000 08:01 1580701    /var/cache/fontconfig/8801497958630a81b71ace7c5f9b32a8-le32d4.cache-3
7d23c000-7d240000 r--s 00000000 08:01 1580699    /var/cache/fontconfig/3047814df9a2f067bd2d96a2b9c36e5a-le32d4.cache-3
7d240000-7d244000 r--s 00000000 08:01 1580690    /var/cache/fontconfig/b47c4e1ecd0709278f4910c18777a504-le32d4.cache-3
7d244000-7d245000 ---p 00000000 00:00 0 
7d245000-7d2c5000 rw-p 00000000 00:00 0 
7d2c5000-7d2c8000 ---p 00000000 00:00 0 
7d2c8000-7d316000 rw-p 00000000 00:00 0 
7d316000-7d319000 ---p 00000000 00:00 0 
7d319000-7d397000 rw-p 00000000 00:00 0 
7d397000-7d39a000 ---p 00000000 00:00 0 
7d39a000-7d418000 rw-p 00000000 00:00 0 
7d418000-7d618000 r--p 00000000 08:01 17301631   /usr/lib/locale/locale-archive
7d618000-7d61b000 ---p 00000000 00:00 0 
7d61b000-7d669000 rw-p 00000000 00:00 0 
7d669000-7d66c000 ---p 00000000 00:00 0 
7d66c000-7d6ba000 rw-p 00000000 00:00 0 
7d6ba000-7d6bb000 ---p 00000000 00:00 0 
7d6bb000-7d76e000 rw-p 00000000 00:00 0 
7d76e000-7d900000 r--s 037bf000 08:01 17309168   /usr/lib/jvm/java-6-openjdk-i386/jre/lib/rt.jar
7d900000-7d9fd000 rw-p 00000000 00:00 0 
7d9fd000-7da00000 ---p 00000000 00:00 0 
7da00000-7da01000 r--s 00000000 08:01 1580692    /var/cache/fontconfig/b9d506c9ac06c20b433354fa67a72993-le32d4.cache-3
7da01000-7da02000 r--s 00000000 08:01 1580697    /var/cache/fontconfig/56cf4f4769d0f4abc89a4895d7bd3ae1-le32d4.cache-3
7da02000-7da0f000 r--s 00000000 08:01 1580689    /var/cache/fontconfig/d52a8644073d54c13679302ca1180695-le32d4.cache-3
7da0f000-7da11000 r--s 00000000 08:01 1576005    /var/cache/fontconfig/e13b20fdb08344e0e664864cc2ede53d-le32d4.cache-3
7da11000-7da14000 r--s 00000000 08:01 1574071    /var/cache/fontconfig/7ef2298fde41cc6eeb7af42e48b7d293-le32d4.cache-3
7da14000-7da2e000 r--s 00473000 08:01 1968310    /home/martin/dev/jzy3d/public/jzy3d-api/lib/jogl2-rc10/jogl-all.jar
7da2e000-7da31000 ---p 00000000 00:00 0 
7da31000-7da7f000 rw-p 00000000 00:00 0 
7da7f000-7da80000 ---p 00000000 00:00 0 
7da80000-7db00000 rw-p 00000000 00:00 0 
7db00000-7dbfe000 rw-p 00000000 00:00 0 
7dbfe000-7dc00000 ---p 00000000 00:00 0 
7dc00000-7dc01000 r--s 00000000 08:01 1580692    /var/cache/fontconfig/b9d506c9ac06c20b433354fa67a72993-le32d4.cache-3
7dc01000-7dc02000 r--p 00000000 00:00 0 
7dc02000-7dc09000 r--s 000fb000 08:01 17307936   /usr/lib/jvm/java-6-openjdk-common/jre/lib/resources.jar
7dc09000-7dc0a000 r--s 00001000 08:01 1969172    /home/martin/dev/jzy3d/public/jzy3d-api/lib/misc/org.jzyio-0.1.jar
7dc0a000-7dc0c000 r--s 00007000 08:01 17835793   /usr/share/java/hamcrest-core-1.1.jar
7dc0c000-7dc13000 r--s 00030000 08:01 17835792   /usr/share/java/junit4-4.8.2.jar
7dc13000-7dc14000 ---p 00000000 00:00 0 
7dc14000-7dca4000 rw-p 00000000 00:00 0 
7dca4000-7dd8c000 rw-p 00000000 00:00 0 
7dd8c000-7dd94000 rw-p 00000000 00:00 0 
7dd94000-7ddcc000 rw-p 00000000 00:00 0 
7ddcc000-7dddc000 rw-p 00000000 00:00 0 
7dddc000-7dec3000 rw-p 00000000 00:00 0 
7dec3000-7df13000 rw-p 00000000 00:00 0 
7df13000-7df3f000 rw-p 00000000 00:00 0 
7df3f000-7ef40000 rw-p 00000000 00:00 0 
7ef40000-85f40000 rw-p 00000000 00:00 0 
85f40000-87e20000 rw-p 00000000 00:00 0 
87e20000-a4df0000 rw-p 00000000 00:00 0 
a4df0000-aebf0000 rw-p 00000000 00:00 0 
aebf0000-aec30000 ---p 00000000 00:00 0 
aec30000-b4540000 rw-p 00000000 00:00 0 
b4540000-b4549000 rw-p 00000000 00:00 0 
b4549000-b4600000 rw-p 00000000 00:00 0 
b4600000-b4840000 rwxp 00000000 00:00 0 
b4840000-b7700000 rw-p 00000000 00:00 0 
b7700000-b7702000 r--s 00007000 08:01 17835793   /usr/share/java/hamcrest-core-1.1.jar
b7702000-b770b000 r--s 0006d000 08:01 1969171    /home/martin/dev/jzy3d/public/jzy3d-api/lib/misc/log4j-1.2.16.jar
b770b000-b770e000 r--s 0007d000 08:01 17307905   /usr/lib/jvm/java-6-openjdk-common/jre/lib/jsse.jar
b770e000-b7710000 r--s 00021000 08:01 1968309    /home/martin/dev/jzy3d/public/jzy3d-api/lib/jogl2-rc10/jogl-all-natives-windows-i586.jar
b7710000-b7711000 r--s 0001c000 08:01 1968308    /home/martin/dev/jzy3d/public/jzy3d-api/lib/jogl2-rc10/jogl-all-natives-windows-amd64.jar
b7711000-b7712000 r--s 0001c000 08:01 1968307    /home/martin/dev/jzy3d/public/jzy3d-api/lib/jogl2-rc10/jogl-all-natives-solaris-i586.jar
b7712000-b7714000 r--s 00024000 08:01 1968306    /home/martin/dev/jzy3d/public/jzy3d-api/lib/jogl2-rc10/jogl-all-natives-solaris-amd64.jar
b7714000-b7715000 r--s 0004a000 08:01 1968305    /home/martin/dev/jzy3d/public/jzy3d-api/lib/jogl2-rc10/jogl-all-natives-macosx-universal.jar
b7715000-b7716000 r--s 00024000 08:01 1968304    /home/martin/dev/jzy3d/public/jzy3d-api/lib/jogl2-rc10/jogl-all-natives-linux-i586.jar
b7716000-b7717000 r--s 0001b000 08:01 1968303    /home/martin/dev/jzy3d/public/jzy3d-api/lib/jogl2-rc10/jogl-all-natives-linux-armv7hf.jar
b7717000-b7718000 r--s 0001b000 08:01 1968302    /home/martin/dev/jzy3d/public/jzy3d-api/lib/jogl2-rc10/jogl-all-natives-linux-armv7.jar
b7718000-b7719000 r--s 00024000 08:01 1968301    /home/martin/dev/jzy3d/public/jzy3d-api/lib/jogl2-rc10/jogl-all-natives-linux-amd64.jar
b7719000-b7720000 r--s 0008d000 08:01 1968300    /home/martin/dev/jzy3d/public/jzy3d-api/lib/jogl2-rc10/gluegen.jar
b7720000-b7725000 r--s 0002f000 08:01 1968299    /home/martin/dev/jzy3d/public/jzy3d-api/lib/jogl2-rc10/gluegen-rt.jar
b7725000-b7726000 r--s 00001000 08:01 1968298    /home/martin/dev/jzy3d/public/jzy3d-api/lib/jogl2-rc10/gluegen-rt-natives-windows-i586.jar
b7726000-b7727000 r--s 00002000 08:01 1968297    /home/martin/dev/jzy3d/public/jzy3d-api/lib/jogl2-rc10/gluegen-rt-natives-windows-amd64.jar
b7727000-b7728000 r--s 00001000 08:01 1968296    /home/martin/dev/jzy3d/public/jzy3d-api/lib/jogl2-rc10/gluegen-rt-natives-solaris-i586.jar
b7728000-b7729000 r--s 00001000 08:01 1968295    /home/martin/dev/jzy3d/public/jzy3d-api/lib/jogl2-rc10/gluegen-rt-natives-solaris-amd64.jar
b7729000-b772a000 r--s 00001000 08:01 1968294    /home/martin/dev/jzy3d/public/jzy3d-api/lib/jogl2-rc10/gluegen-rt-natives-macosx-universal.jar
b772a000-b772b000 r--s 00001000 08:01 1968293    /home/martin/dev/jzy3d/public/jzy3d-api/lib/jogl2-rc10/gluegen-rt-natives-linux-i586.jar
b772b000-b772c000 r--s 00001000 08:01 1968276    /home/martin/dev/jzy3d/public/jzy3d-api/lib/jogl2-rc10/gluegen-rt-natives-linux-armv7hf.jar
b772c000-b772d000 r--s 00001000 08:01 1968243    /home/martin/dev/jzy3d/public/jzy3d-api/lib/jogl2-rc10/gluegen-rt-natives-linux-armv7.jar
b772d000-b772e000 r--s 00001000 08:01 1968242    /home/martin/dev/jzy3d/public/jzy3d-api/lib/jogl2-rc10/gluegen-rt-natives-linux-amd64.jar
b772e000-b772f000 r--s 0000f000 08:01 1968241    /home/martin/dev/jzy3d/public/jzy3d-api/lib/jogl2-rc10/applet-launcher.jar
b772f000-b7744000 r--s 00141000 08:01 1968316    /home/martin/dev/jzy3d/public/jzy3d-api/lib/misc/swt.jar
b7744000-b7746000 r--s 00005000 08:01 1968313    /home/martin/dev/jzy3d/public/jzy3d-api/lib/misc/org.convexhull.jar
b7746000-b7747000 r--s 00002000 08:01 1968312    /home/martin/dev/jzy3d/public/jzy3d-api/lib/misc/opencsv-2.1.jar
b7747000-b774a000 r--s 00031000 08:01 17307928   /usr/lib/jvm/java-6-openjdk-common/jre/lib/ext/sunjce_provider.jar
b774a000-b774c000 r--s 00001000 08:01 17307929   /usr/lib/jvm/java-6-openjdk-common/jre/lib/ext/dnsns.jar
b774c000-b7754000 rw-p 00000000 00:00 0 
b7754000-b778c000 rw-p 00000000 00:00 0 
b778c000-b778f000 ---p 00000000 00:00 0 
b778f000-b77e0000 rw-p 00000000 00:00 0 
b77e0000-b77e1000 r--s 00007000 08:01 17827177   /usr/share/java/java-atk-wrapper.jar
b77e1000-b77e5000 r--s 00038000 08:01 17307926   /usr/lib/jvm/java-6-openjdk-common/jre/lib/ext/sunpkcs11.jar
b77e5000-b77e8000 r--s 00077000 08:01 17307927   /usr/lib/jvm/java-6-openjdk-common/jre/lib/ext/localedata.jar
b77e8000-b77ea000 r--s 0000f000 08:01 17307930   /usr/lib/jvm/java-6-openjdk-common/jre/lib/ext/pulse-java.jar
b77ea000-b77eb000 r--p 002cc000 08:01 17301631   /usr/lib/locale/locale-archive
b77eb000-b77f3000 rw-s 00000000 08:01 12583024   /tmp/hsperfdata_martin/7579
b77f3000-b77f4000 rw-p 00000000 00:00 0 
b77f4000-b77f5000 r--p 00000000 00:00 0 
b77f5000-b77f7000 rw-p 00000000 00:00 0 
bffc6000-bffe8000 rw-p 00000000 00:00 0          [stack]

VM Arguments:
jvm_args: -Dfile.encoding=UTF-8 
java_command: org.jzy3d.tests.TestOrderingStrategyScoreWithColor
Launcher Type: SUN_STANDARD

Environment Variables:
PATH=/usr/lib/lightdm/lightdm:/usr/local/sbin:/usr/local/bin:/usr/sbin:/usr/bin:/sbin:/bin:/usr/games
LD_LIBRARY_PATH=/usr/lib/jvm/java-6-openjdk-i386/jre/lib/i386/server:/usr/lib/jvm/java-6-openjdk-i386/jre/lib/i386:/usr/lib/jvm/java-6-openjdk-i386/jre/../lib/i386:/usr/lib/jvm/java-6-openjdk-i386/jre/lib/i386/client:/usr/lib/jvm/java-6-openjdk-i386/jre/lib/i386:
SHELL=/bin/bash
DISPLAY=:0

Signal Handlers:
SIGSEGV: [libjvm.so+0x66a270], sa_mask[0]=0x7ffbfeff, sa_flags=0x10000004
SIGBUS: [libjvm.so+0x66a270], sa_mask[0]=0x7ffbfeff, sa_flags=0x10000004
SIGFPE: [libjvm.so+0x52e160], sa_mask[0]=0x7ffbfeff, sa_flags=0x10000004
SIGPIPE: [libjvm.so+0x52e160], sa_mask[0]=0x7ffbfeff, sa_flags=0x10000004
SIGXFSZ: [libjvm.so+0x52e160], sa_mask[0]=0x7ffbfeff, sa_flags=0x10000004
SIGILL: [libjvm.so+0x52e160], sa_mask[0]=0x7ffbfeff, sa_flags=0x10000004
SIGUSR1: SIG_DFL, sa_mask[0]=0x00000000, sa_flags=0x00000000
SIGUSR2: [libjvm.so+0x52dff0], sa_mask[0]=0x00000004, sa_flags=0x10000004
SIGHUP: [libjvm.so+0x531090], sa_mask[0]=0x7ffbfeff, sa_flags=0x10000004
SIGINT: [libjvm.so+0x531090], sa_mask[0]=0x7ffbfeff, sa_flags=0x10000004
SIGTERM: [libjvm.so+0x531090], sa_mask[0]=0x7ffbfeff, sa_flags=0x10000004
SIGQUIT: [libjvm.so+0x531090], sa_mask[0]=0x7ffbfeff, sa_flags=0x10000004


---------------  S Y S T E M  ---------------

OS:Ubuntu 12.04 (precise)
uname:Linux 3.2.0-31-generic #50-Ubuntu SMP Fri Sep 7 16:17:36 UTC 2012 i686
libc:glibc 2.15 NPTL 2.15 
rlimit: STACK 8192k, CORE 0k, NPROC 23580, NOFILE 4096, AS infinity
load average:3.76 2.17 1.33

/proc/meminfo:
MemTotal:        3032808 kB
MemFree:          204756 kB
Buffers:          108456 kB
Cached:           436524 kB
SwapCached:         4392 kB
Active:          1928204 kB
Inactive:         734844 kB
Active(anon):    1656528 kB
Inactive(anon):   463096 kB
Active(file):     271676 kB
Inactive(file):   271748 kB
Unevictable:           0 kB
Mlocked:               0 kB
HighTotal:       2170440 kB
HighFree:          49172 kB
LowTotal:         862368 kB
LowFree:          155584 kB
SwapTotal:       3078140 kB
SwapFree:        3054408 kB
Dirty:              1384 kB
Writeback:             0 kB
AnonPages:       2114608 kB
Mapped:           172320 kB
Shmem:              1508 kB
Slab:              85356 kB
SReclaimable:      68176 kB
SUnreclaim:        17180 kB
KernelStack:        4000 kB
PageTables:         9544 kB
NFS_Unstable:          0 kB
Bounce:                0 kB
WritebackTmp:          0 kB
CommitLimit:     4594544 kB
Committed_AS:    4197112 kB
VmallocTotal:     122880 kB
VmallocUsed:       54292 kB
VmallocChunk:      62244 kB
HardwareCorrupted:     0 kB
AnonHugePages:         0 kB
HugePages_Total:       0
HugePages_Free:        0
HugePages_Rsvd:        0
HugePages_Surp:        0
Hugepagesize:       4096 kB
DirectMap4k:      114680 kB
DirectMap4M:      794624 kB


CPU:total 2 (2 cores per cpu, 1 threads per core) family 6 model 15 stepping 6, cmov, cx8, fxsr, mmx, sse, sse2, sse3, ssse3

Memory: 4k page, physical 3032808k(204756k free), swap 3078140k(3054408k free)

vm_info: OpenJDK Server VM (20.0-b12) for linux-x86 JRE (1.6.0_24-b24), built on Sep  1 2012 19:13:49 by "buildd" with gcc 4.6.3

time: Sun Oct 21 13:23:16 2012
elapsed time: 12 seconds

